e:\archive\advanced games tech labs\coursework\agt_template\inter\debug-windows-x86_64\engine\engine.pch
e:\archive\advanced games tech labs\coursework\agt_template\inter\debug-windows-x86_64\engine\engine.pdb
e:\archive\advanced games tech labs\coursework\agt_template\inter\debug-windows-x86_64\engine\engine.idb
e:\archive\advanced games tech labs\coursework\agt_template\inter\debug-windows-x86_64\engine\pch.obj
e:\archive\advanced games tech labs\coursework\agt_template\inter\debug-windows-x86_64\engine\model.obj
e:\archive\advanced games tech labs\coursework\agt_template\inter\debug-windows-x86_64\engine\mesh.obj
e:\archive\advanced games tech labs\coursework\agt_template\inter\debug-windows-x86_64\engine\material.obj
e:\archive\advanced games tech labs\coursework\agt_template\inter\debug-windows-x86_64\engine\light.obj
e:\archive\advanced games tech labs\coursework\agt_template\inter\debug-windows-x86_64\engine\camera.obj
e:\archive\advanced games tech labs\coursework\agt_template\inter\debug-windows-x86_64\engine\buffer.obj
e:\archive\advanced games tech labs\coursework\agt_template\inter\debug-windows-x86_64\engine\terrain.obj
e:\archive\advanced games tech labs\coursework\agt_template\inter\debug-windows-x86_64\engine\skybox.obj
e:\archive\advanced games tech labs\coursework\agt_template\inter\debug-windows-x86_64\engine\vial.obj
e:\archive\advanced games tech labs\coursework\agt_template\inter\debug-windows-x86_64\engine\tetrahedron.obj
e:\archive\advanced games tech labs\coursework\agt_template\inter\debug-windows-x86_64\engine\sphere.obj
e:\archive\advanced games tech labs\coursework\agt_template\inter\debug-windows-x86_64\engine\heightmap.obj
e:\archive\advanced games tech labs\coursework\agt_template\inter\debug-windows-x86_64\engine\cuboid.obj
e:\archive\advanced games tech labs\coursework\agt_template\inter\debug-windows-x86_64\engine\grid.obj
e:\archive\advanced games tech labs\coursework\agt_template\inter\debug-windows-x86_64\engine\game_object.obj
e:\archive\advanced games tech labs\coursework\agt_template\inter\debug-windows-x86_64\engine\character.obj
e:\archive\advanced games tech labs\coursework\agt_template\inter\debug-windows-x86_64\engine\logger.obj
e:\archive\advanced games tech labs\coursework\agt_template\inter\debug-windows-x86_64\engine\layers_stack.obj
e:\archive\advanced games tech labs\coursework\agt_template\inter\debug-windows-x86_64\engine\layer.obj
e:\archive\advanced games tech labs\coursework\agt_template\inter\debug-windows-x86_64\engine\application.obj
e:\archive\advanced games tech labs\coursework\agt_template\inter\debug-windows-x86_64\engine\gl_vertex_array.obj
e:\archive\advanced games tech labs\coursework\agt_template\inter\debug-windows-x86_64\engine\gl_texture.obj
e:\archive\advanced games tech labs\coursework\agt_template\inter\debug-windows-x86_64\engine\gl_shader.obj
e:\archive\advanced games tech labs\coursework\agt_template\inter\debug-windows-x86_64\engine\gl_renderer_api.obj
e:\archive\advanced games tech labs\coursework\agt_template\inter\debug-windows-x86_64\engine\gl_mesh.obj
e:\archive\advanced games tech labs\coursework\agt_template\inter\debug-windows-x86_64\engine\gl_context.obj
e:\archive\advanced games tech labs\coursework\agt_template\inter\debug-windows-x86_64\engine\gl_buffer.obj
e:\archive\advanced games tech labs\coursework\agt_template\inter\debug-windows-x86_64\engine\context.obj
e:\archive\advanced games tech labs\coursework\agt_template\inter\debug-windows-x86_64\engine\track.obj
e:\archive\advanced games tech labs\coursework\agt_template\inter\debug-windows-x86_64\engine\timer.obj
e:\archive\advanced games tech labs\coursework\agt_template\inter\debug-windows-x86_64\engine\event_sound.obj
e:\archive\advanced games tech labs\coursework\agt_template\inter\debug-windows-x86_64\engine\bullet_manager.obj
e:\archive\advanced games tech labs\coursework\agt_template\inter\debug-windows-x86_64\engine\audio_manager.obj
e:\archive\advanced games tech labs\coursework\agt_template\inter\debug-windows-x86_64\engine\vertex_array.obj
e:\archive\advanced games tech labs\coursework\agt_template\inter\debug-windows-x86_64\engine\texture.obj
e:\archive\advanced games tech labs\coursework\agt_template\inter\debug-windows-x86_64\engine\text_manager.obj
e:\archive\advanced games tech labs\coursework\agt_template\inter\debug-windows-x86_64\engine\skinned_mesh.obj
e:\archive\advanced games tech labs\coursework\agt_template\inter\debug-windows-x86_64\engine\shader.obj
e:\archive\advanced games tech labs\coursework\agt_template\inter\debug-windows-x86_64\engine\renderer.obj
e:\archive\advanced games tech labs\coursework\agt_template\inter\debug-windows-x86_64\engine\render_command.obj
e:\archive\advanced games tech labs\coursework\agt_template\inter\debug-windows-x86_64\engine\win_window.obj
e:\archive\advanced games tech labs\coursework\agt_template\inter\debug-windows-x86_64\engine\win_input.obj
e:\archive\advanced games tech labs\coursework\agt_template\inter\debug-windows-x86_64\engine\win_core.obj
e:\archive\advanced games tech labs\coursework\agt_template\inter\debug-windows-x86_64\engine\bounding_box_bullet.obj
e:\archive\advanced games tech labs\coursework\agt_template\inter\debug-windows-x86_64\engine\crystal.obj
e:\archive\advanced games tech labs\coursework\agt_template\inter\debug-windows-x86_64\engine\lamp.obj
e:\archive\advanced games tech labs\coursework\agt_template\bin\debug-windows-x86_64\engine\engine.lib
e:\archive\advanced games tech labs\submission\in3026 milestone 2 coursework - patryk owczarz\coursework\agt_template\inter\debug-windows-x86_64\engine\application.obj
e:\archive\advanced games tech labs\submission\in3026 milestone 2 coursework - patryk owczarz\coursework\agt_template\inter\debug-windows-x86_64\engine\audio_manager.obj
e:\archive\advanced games tech labs\submission\in3026 milestone 2 coursework - patryk owczarz\coursework\agt_template\inter\debug-windows-x86_64\engine\bounding_box_bullet.obj
e:\archive\advanced games tech labs\submission\in3026 milestone 2 coursework - patryk owczarz\coursework\agt_template\inter\debug-windows-x86_64\engine\buffer.obj
e:\archive\advanced games tech labs\submission\in3026 milestone 2 coursework - patryk owczarz\coursework\agt_template\inter\debug-windows-x86_64\engine\bullet_manager.obj
e:\archive\advanced games tech labs\submission\in3026 milestone 2 coursework - patryk owczarz\coursework\agt_template\inter\debug-windows-x86_64\engine\camera.obj
e:\archive\advanced games tech labs\submission\in3026 milestone 2 coursework - patryk owczarz\coursework\agt_template\inter\debug-windows-x86_64\engine\character.obj
e:\archive\advanced games tech labs\submission\in3026 milestone 2 coursework - patryk owczarz\coursework\agt_template\inter\debug-windows-x86_64\engine\context.obj
e:\archive\advanced games tech labs\submission\in3026 milestone 2 coursework - patryk owczarz\coursework\agt_template\inter\debug-windows-x86_64\engine\crystal.obj
e:\archive\advanced games tech labs\submission\in3026 milestone 2 coursework - patryk owczarz\coursework\agt_template\inter\debug-windows-x86_64\engine\cuboid.obj
e:\archive\advanced games tech labs\submission\in3026 milestone 2 coursework - patryk owczarz\coursework\agt_template\inter\debug-windows-x86_64\engine\event_sound.obj
e:\archive\advanced games tech labs\submission\in3026 milestone 2 coursework - patryk owczarz\coursework\agt_template\inter\debug-windows-x86_64\engine\game_object.obj
e:\archive\advanced games tech labs\submission\in3026 milestone 2 coursework - patryk owczarz\coursework\agt_template\inter\debug-windows-x86_64\engine\gl_buffer.obj
e:\archive\advanced games tech labs\submission\in3026 milestone 2 coursework - patryk owczarz\coursework\agt_template\inter\debug-windows-x86_64\engine\gl_context.obj
e:\archive\advanced games tech labs\submission\in3026 milestone 2 coursework - patryk owczarz\coursework\agt_template\inter\debug-windows-x86_64\engine\gl_mesh.obj
e:\archive\advanced games tech labs\submission\in3026 milestone 2 coursework - patryk owczarz\coursework\agt_template\inter\debug-windows-x86_64\engine\gl_renderer_api.obj
e:\archive\advanced games tech labs\submission\in3026 milestone 2 coursework - patryk owczarz\coursework\agt_template\inter\debug-windows-x86_64\engine\gl_shader.obj
e:\archive\advanced games tech labs\submission\in3026 milestone 2 coursework - patryk owczarz\coursework\agt_template\inter\debug-windows-x86_64\engine\gl_texture.obj
e:\archive\advanced games tech labs\submission\in3026 milestone 2 coursework - patryk owczarz\coursework\agt_template\inter\debug-windows-x86_64\engine\gl_vertex_array.obj
e:\archive\advanced games tech labs\submission\in3026 milestone 2 coursework - patryk owczarz\coursework\agt_template\inter\debug-windows-x86_64\engine\grid.obj
e:\archive\advanced games tech labs\submission\in3026 milestone 2 coursework - patryk owczarz\coursework\agt_template\inter\debug-windows-x86_64\engine\heightmap.obj
e:\archive\advanced games tech labs\submission\in3026 milestone 2 coursework - patryk owczarz\coursework\agt_template\inter\debug-windows-x86_64\engine\lamp.obj
e:\archive\advanced games tech labs\submission\in3026 milestone 2 coursework - patryk owczarz\coursework\agt_template\inter\debug-windows-x86_64\engine\layer.obj
e:\archive\advanced games tech labs\submission\in3026 milestone 2 coursework - patryk owczarz\coursework\agt_template\inter\debug-windows-x86_64\engine\layers_stack.obj
e:\archive\advanced games tech labs\submission\in3026 milestone 2 coursework - patryk owczarz\coursework\agt_template\inter\debug-windows-x86_64\engine\light.obj
e:\archive\advanced games tech labs\submission\in3026 milestone 2 coursework - patryk owczarz\coursework\agt_template\inter\debug-windows-x86_64\engine\logger.obj
e:\archive\advanced games tech labs\submission\in3026 milestone 2 coursework - patryk owczarz\coursework\agt_template\inter\debug-windows-x86_64\engine\material.obj
e:\archive\advanced games tech labs\submission\in3026 milestone 2 coursework - patryk owczarz\coursework\agt_template\inter\debug-windows-x86_64\engine\mesh.obj
e:\archive\advanced games tech labs\submission\in3026 milestone 2 coursework - patryk owczarz\coursework\agt_template\inter\debug-windows-x86_64\engine\model.obj
e:\archive\advanced games tech labs\submission\in3026 milestone 2 coursework - patryk owczarz\coursework\agt_template\inter\debug-windows-x86_64\engine\pch.obj
e:\archive\advanced games tech labs\submission\in3026 milestone 2 coursework - patryk owczarz\coursework\agt_template\inter\debug-windows-x86_64\engine\renderer.obj
e:\archive\advanced games tech labs\submission\in3026 milestone 2 coursework - patryk owczarz\coursework\agt_template\inter\debug-windows-x86_64\engine\render_command.obj
e:\archive\advanced games tech labs\submission\in3026 milestone 2 coursework - patryk owczarz\coursework\agt_template\inter\debug-windows-x86_64\engine\shader.obj
e:\archive\advanced games tech labs\submission\in3026 milestone 2 coursework - patryk owczarz\coursework\agt_template\inter\debug-windows-x86_64\engine\skinned_mesh.obj
e:\archive\advanced games tech labs\submission\in3026 milestone 2 coursework - patryk owczarz\coursework\agt_template\inter\debug-windows-x86_64\engine\skybox.obj
e:\archive\advanced games tech labs\submission\in3026 milestone 2 coursework - patryk owczarz\coursework\agt_template\inter\debug-windows-x86_64\engine\sphere.obj
e:\archive\advanced games tech labs\submission\in3026 milestone 2 coursework - patryk owczarz\coursework\agt_template\inter\debug-windows-x86_64\engine\terrain.obj
e:\archive\advanced games tech labs\submission\in3026 milestone 2 coursework - patryk owczarz\coursework\agt_template\inter\debug-windows-x86_64\engine\tetrahedron.obj
e:\archive\advanced games tech labs\submission\in3026 milestone 2 coursework - patryk owczarz\coursework\agt_template\inter\debug-windows-x86_64\engine\texture.obj
e:\archive\advanced games tech labs\submission\in3026 milestone 2 coursework - patryk owczarz\coursework\agt_template\inter\debug-windows-x86_64\engine\text_manager.obj
e:\archive\advanced games tech labs\submission\in3026 milestone 2 coursework - patryk owczarz\coursework\agt_template\inter\debug-windows-x86_64\engine\timer.obj
e:\archive\advanced games tech labs\submission\in3026 milestone 2 coursework - patryk owczarz\coursework\agt_template\inter\debug-windows-x86_64\engine\track.obj
e:\archive\advanced games tech labs\submission\in3026 milestone 2 coursework - patryk owczarz\coursework\agt_template\inter\debug-windows-x86_64\engine\vertex_array.obj
e:\archive\advanced games tech labs\submission\in3026 milestone 2 coursework - patryk owczarz\coursework\agt_template\inter\debug-windows-x86_64\engine\vial.obj
e:\archive\advanced games tech labs\submission\in3026 milestone 2 coursework - patryk owczarz\coursework\agt_template\inter\debug-windows-x86_64\engine\win_core.obj
e:\archive\advanced games tech labs\submission\in3026 milestone 2 coursework - patryk owczarz\coursework\agt_template\inter\debug-windows-x86_64\engine\win_input.obj
e:\archive\advanced games tech labs\submission\in3026 milestone 2 coursework - patryk owczarz\coursework\agt_template\inter\debug-windows-x86_64\engine\win_window.obj
e:\archive\advanced games tech labs\submission\in3026 milestone 2 coursework - patryk owczarz\coursework\agt_template\inter\debug-windows-x86_64\engine\engine.pch
e:\archive\advanced games tech labs\submission\in3026 milestone 2 coursework - patryk owczarz\coursework\agt_template\inter\debug-windows-x86_64\engine\engine.idb
e:\archive\advanced games tech labs\submission\in3026 milestone 2 coursework - patryk owczarz\coursework\agt_template\inter\debug-windows-x86_64\engine\engine.pdb
e:\archive\advanced games tech labs\submission\in3026 milestone 2 coursework - patryk owczarz\coursework\agt_template\engine\..\bin\debug-windows-x86_64\engine\engine.lib
e:\archive\advanced games tech labs\submission\in3026 milestone 2 coursework - patryk owczarz\coursework\agt_template\inter\debug-windows-x86_64\engine\engine.tlog\cl.command.1.tlog
e:\archive\advanced games tech labs\submission\in3026 milestone 2 coursework - patryk owczarz\coursework\agt_template\inter\debug-windows-x86_64\engine\engine.tlog\cl.read.1.tlog
e:\archive\advanced games tech labs\submission\in3026 milestone 2 coursework - patryk owczarz\coursework\agt_template\inter\debug-windows-x86_64\engine\engine.tlog\cl.write.1.tlog
e:\archive\advanced games tech labs\submission\in3026 milestone 2 coursework - patryk owczarz\coursework\agt_template\inter\debug-windows-x86_64\engine\engine.tlog\lib-link.read.1.tlog
e:\archive\advanced games tech labs\submission\in3026 milestone 2 coursework - patryk owczarz\coursework\agt_template\inter\debug-windows-x86_64\engine\engine.tlog\lib-link.write.1.tlog
e:\archive\advanced games tech labs\submission\in3026 milestone 2 coursework - patryk owczarz\coursework\agt_template\inter\debug-windows-x86_64\engine\engine.tlog\lib.command.1.tlog
