  pch.cpp
  application.cpp
  layer.cpp
  layers_stack.cpp
  logger.cpp
  bounding_box_bullet.cpp
  character.cpp
  game_object.cpp
  grid.cpp
E:\Archive\Github Projects\AGT\Darkness\engine\src\engine\entities\grid.cpp(5,95): warning C4244: 'initializing': conversion from 'uint32_t' to 'float', possible loss of data
E:\Archive\Github Projects\AGT\Darkness\engine\src\engine\entities\grid.cpp(5,78): warning C4244: 'initializing': conversion from 'uint32_t' to 'float', possible loss of data
E:\Archive\Github Projects\AGT\Darkness\engine\src\engine\entities\grid.cpp(5,110): warning C4244: 'initializing': conversion from 'uint32_t' to 'float', possible loss of data
E:\Archive\Github Projects\AGT\Darkness\engine\src\engine\entities\grid.cpp(10,13): warning C4244: 'initializing': conversion from 'float' to 'int', possible loss of data
E:\Archive\Github Projects\AGT\Darkness\engine\src\engine\entities\grid.cpp(10,49): warning C4244: '+=': conversion from 'float' to 'int', possible loss of data
E:\Archive\Github Projects\AGT\Darkness\engine\src\engine\entities\grid.cpp(26,13): warning C4244: 'initializing': conversion from 'float' to 'int', possible loss of data
E:\Archive\Github Projects\AGT\Darkness\engine\src\engine\entities\grid.cpp(26,51): warning C4244: '+=': conversion from 'float' to 'int', possible loss of data
  crystal.cpp
  cuboid.cpp
  heightmap.cpp
  lamp.cpp
  sphere.cpp
  tetrahedron.cpp
  vial.cpp
  skybox.cpp
  terrain.cpp
  buffer.cpp
  camera.cpp
  light.cpp
  Generating Code...
  Compiling...
  material.cpp
  mesh.cpp
  model.cpp
  render_command.cpp
  renderer.cpp
  shader.cpp
  skinned_mesh.cpp
  text_manager.cpp
  texture.cpp
  vertex_array.cpp
  audio_manager.cpp
  bullet_manager.cpp
E:\Archive\Github Projects\AGT\Darkness\engine\src\engine\utils\bullet_manager.cpp(241,2): warning C4267: 'initializing': conversion from 'size_t' to 'int32_t', possible loss of data
  event_sound.cpp
  timer.cpp
  track.cpp
  context.cpp
  gl_buffer.cpp
  gl_context.cpp
  gl_mesh.cpp
  gl_renderer_api.cpp
  Generating Code...
  Compiling...
  gl_shader.cpp
  gl_texture.cpp
  gl_vertex_array.cpp
  win_core.cpp
  win_input.cpp
  win_window.cpp
  Generating Code...
fmod_vc.lib(fmod.dll) : warning LNK4006: __NULL_IMPORT_DESCRIPTOR already defined in opengl32.lib(OPENGL32.dll); second definition ignored
  engine.vcxproj -> E:\Archive\Github Projects\AGT\Darkness\engine\..\bin\Debug-windows-x86_64\engine\engine.lib
