  cross_fade.cpp
  electric_explosion.cpp
  enemy.cpp
E:\Archive\Github Projects\AGT\Darkness\game\src\enemy.h(45,27): warning C4244: 'return': conversion from 'float' to 'int', possible loss of data
  example_layer.cpp
E:\Archive\Github Projects\AGT\Darkness\game\src\enemy.h(45,27): warning C4244: 'return': conversion from 'float' to 'int', possible loss of data
  friend_npc.cpp
  game.cpp
E:\Archive\Github Projects\AGT\Darkness\game\src\enemy.h(45,27): warning C4244: 'return': conversion from 'float' to 'int', possible loss of data
  player.cpp
E:\Archive\Github Projects\AGT\Darkness\game\src\player.cpp(164,57): warning C4244: '=': conversion from 'double' to 'float', possible loss of data
  projectile.cpp
  quad.cpp
  start_screen.cpp
  Generating Code...
     Creating library ..\bin\Debug-windows-x86_64\game\game.lib and object ..\bin\Debug-windows-x86_64\game\game.exp
LINK : warning LNK4098: defaultlib 'LIBCMT' conflicts with use of other libs; use /NODEFAULTLIB:library
engine.lib(ftdebug.obj) : warning LNK4099: PDB 'freetype.pdb' was not found with 'engine.lib(ftdebug.obj)' or at 'E:\Archive\Github Projects\AGT\Darkness\bin\Debug-windows-x86_64\game\freetype.pdb'; linking object as if no debug info
engine.lib(winfnt.obj) : warning LNK4099: PDB 'freetype.pdb' was not found with 'engine.lib(winfnt.obj)' or at 'E:\Archive\Github Projects\AGT\Darkness\bin\Debug-windows-x86_64\game\freetype.pdb'; linking object as if no debug info
engine.lib(type42.obj) : warning LNK4099: PDB 'freetype.pdb' was not found with 'engine.lib(type42.obj)' or at 'E:\Archive\Github Projects\AGT\Darkness\bin\Debug-windows-x86_64\game\freetype.pdb'; linking object as if no debug info
engine.lib(type1.obj) : warning LNK4099: PDB 'freetype.pdb' was not found with 'engine.lib(type1.obj)' or at 'E:\Archive\Github Projects\AGT\Darkness\bin\Debug-windows-x86_64\game\freetype.pdb'; linking object as if no debug info
engine.lib(truetype.obj) : warning LNK4099: PDB 'freetype.pdb' was not found with 'engine.lib(truetype.obj)' or at 'E:\Archive\Github Projects\AGT\Darkness\bin\Debug-windows-x86_64\game\freetype.pdb'; linking object as if no debug info
engine.lib(smooth.obj) : warning LNK4099: PDB 'freetype.pdb' was not found with 'engine.lib(smooth.obj)' or at 'E:\Archive\Github Projects\AGT\Darkness\bin\Debug-windows-x86_64\game\freetype.pdb'; linking object as if no debug info
engine.lib(sfnt.obj) : warning LNK4099: PDB 'freetype.pdb' was not found with 'engine.lib(sfnt.obj)' or at 'E:\Archive\Github Projects\AGT\Darkness\bin\Debug-windows-x86_64\game\freetype.pdb'; linking object as if no debug info
engine.lib(raster.obj) : warning LNK4099: PDB 'freetype.pdb' was not found with 'engine.lib(raster.obj)' or at 'E:\Archive\Github Projects\AGT\Darkness\bin\Debug-windows-x86_64\game\freetype.pdb'; linking object as if no debug info
engine.lib(psmodule.obj) : warning LNK4099: PDB 'freetype.pdb' was not found with 'engine.lib(psmodule.obj)' or at 'E:\Archive\Github Projects\AGT\Darkness\bin\Debug-windows-x86_64\game\freetype.pdb'; linking object as if no debug info
engine.lib(pshinter.obj) : warning LNK4099: PDB 'freetype.pdb' was not found with 'engine.lib(pshinter.obj)' or at 'E:\Archive\Github Projects\AGT\Darkness\bin\Debug-windows-x86_64\game\freetype.pdb'; linking object as if no debug info
engine.lib(psaux.obj) : warning LNK4099: PDB 'freetype.pdb' was not found with 'engine.lib(psaux.obj)' or at 'E:\Archive\Github Projects\AGT\Darkness\bin\Debug-windows-x86_64\game\freetype.pdb'; linking object as if no debug info
engine.lib(pfr.obj) : warning LNK4099: PDB 'freetype.pdb' was not found with 'engine.lib(pfr.obj)' or at 'E:\Archive\Github Projects\AGT\Darkness\bin\Debug-windows-x86_64\game\freetype.pdb'; linking object as if no debug info
engine.lib(pcf.obj) : warning LNK4099: PDB 'freetype.pdb' was not found with 'engine.lib(pcf.obj)' or at 'E:\Archive\Github Projects\AGT\Darkness\bin\Debug-windows-x86_64\game\freetype.pdb'; linking object as if no debug info
engine.lib(ftlzw.obj) : warning LNK4099: PDB 'freetype.pdb' was not found with 'engine.lib(ftlzw.obj)' or at 'E:\Archive\Github Projects\AGT\Darkness\bin\Debug-windows-x86_64\game\freetype.pdb'; linking object as if no debug info
engine.lib(ftgzip.obj) : warning LNK4099: PDB 'freetype.pdb' was not found with 'engine.lib(ftgzip.obj)' or at 'E:\Archive\Github Projects\AGT\Darkness\bin\Debug-windows-x86_64\game\freetype.pdb'; linking object as if no debug info
engine.lib(type1cid.obj) : warning LNK4099: PDB 'freetype.pdb' was not found with 'engine.lib(type1cid.obj)' or at 'E:\Archive\Github Projects\AGT\Darkness\bin\Debug-windows-x86_64\game\freetype.pdb'; linking object as if no debug info
engine.lib(cff.obj) : warning LNK4099: PDB 'freetype.pdb' was not found with 'engine.lib(cff.obj)' or at 'E:\Archive\Github Projects\AGT\Darkness\bin\Debug-windows-x86_64\game\freetype.pdb'; linking object as if no debug info
engine.lib(bdf.obj) : warning LNK4099: PDB 'freetype.pdb' was not found with 'engine.lib(bdf.obj)' or at 'E:\Archive\Github Projects\AGT\Darkness\bin\Debug-windows-x86_64\game\freetype.pdb'; linking object as if no debug info
engine.lib(ftsystem.obj) : warning LNK4099: PDB 'freetype.pdb' was not found with 'engine.lib(ftsystem.obj)' or at 'E:\Archive\Github Projects\AGT\Darkness\bin\Debug-windows-x86_64\game\freetype.pdb'; linking object as if no debug info
engine.lib(ftinit.obj) : warning LNK4099: PDB 'freetype.pdb' was not found with 'engine.lib(ftinit.obj)' or at 'E:\Archive\Github Projects\AGT\Darkness\bin\Debug-windows-x86_64\game\freetype.pdb'; linking object as if no debug info
engine.lib(ftbitmap.obj) : warning LNK4099: PDB 'freetype.pdb' was not found with 'engine.lib(ftbitmap.obj)' or at 'E:\Archive\Github Projects\AGT\Darkness\bin\Debug-windows-x86_64\game\freetype.pdb'; linking object as if no debug info
engine.lib(ftbase.obj) : warning LNK4099: PDB 'freetype.pdb' was not found with 'engine.lib(ftbase.obj)' or at 'E:\Archive\Github Projects\AGT\Darkness\bin\Debug-windows-x86_64\game\freetype.pdb'; linking object as if no debug info
engine.lib(autofit.obj) : warning LNK4099: PDB 'freetype.pdb' was not found with 'engine.lib(autofit.obj)' or at 'E:\Archive\Github Projects\AGT\Darkness\bin\Debug-windows-x86_64\game\freetype.pdb'; linking object as if no debug info
engine.lib(btVector3.obj) : warning LNK4099: PDB 'LinearMath.pdb' was not found with 'engine.lib(btVector3.obj)' or at 'E:\Archive\Github Projects\AGT\Darkness\bin\Debug-windows-x86_64\game\LinearMath.pdb'; linking object as if no debug info
engine.lib(btQuickprof.obj) : warning LNK4099: PDB 'LinearMath.pdb' was not found with 'engine.lib(btQuickprof.obj)' or at 'E:\Archive\Github Projects\AGT\Darkness\bin\Debug-windows-x86_64\game\LinearMath.pdb'; linking object as if no debug info
engine.lib(btGeometryUtil.obj) : warning LNK4099: PDB 'LinearMath.pdb' was not found with 'engine.lib(btGeometryUtil.obj)' or at 'E:\Archive\Github Projects\AGT\Darkness\bin\Debug-windows-x86_64\game\LinearMath.pdb'; linking object as if no debug info
engine.lib(btConvexHullComputer.obj) : warning LNK4099: PDB 'LinearMath.pdb' was not found with 'engine.lib(btConvexHullComputer.obj)' or at 'E:\Archive\Github Projects\AGT\Darkness\bin\Debug-windows-x86_64\game\LinearMath.pdb'; linking object as if no debug info
engine.lib(btAlignedAllocator.obj) : warning LNK4099: PDB 'LinearMath.pdb' was not found with 'engine.lib(btAlignedAllocator.obj)' or at 'E:\Archive\Github Projects\AGT\Darkness\bin\Debug-windows-x86_64\game\LinearMath.pdb'; linking object as if no debug info
engine.lib(btRigidBody.obj) : warning LNK4099: PDB 'BulletDynamics.pdb' was not found with 'engine.lib(btRigidBody.obj)' or at 'E:\Archive\Github Projects\AGT\Darkness\bin\Debug-windows-x86_64\game\BulletDynamics.pdb'; linking object as if no debug info
engine.lib(btDiscreteDynamicsWorld.obj) : warning LNK4099: PDB 'BulletDynamics.pdb' was not found with 'engine.lib(btDiscreteDynamicsWorld.obj)' or at 'E:\Archive\Github Projects\AGT\Darkness\bin\Debug-windows-x86_64\game\BulletDynamics.pdb'; linking object as if no debug info
engine.lib(btTypedConstraint.obj) : warning LNK4099: PDB 'BulletDynamics.pdb' was not found with 'engine.lib(btTypedConstraint.obj)' or at 'E:\Archive\Github Projects\AGT\Darkness\bin\Debug-windows-x86_64\game\BulletDynamics.pdb'; linking object as if no debug info
engine.lib(btSequentialImpulseConstraintSolver.obj) : warning LNK4099: PDB 'BulletDynamics.pdb' was not found with 'engine.lib(btSequentialImpulseConstraintSolver.obj)' or at 'E:\Archive\Github Projects\AGT\Darkness\bin\Debug-windows-x86_64\game\BulletDynamics.pdb'; linking object as if no debug info
engine.lib(btGeneric6DofConstraint.obj) : warning LNK4099: PDB 'BulletDynamics.pdb' was not found with 'engine.lib(btGeneric6DofConstraint.obj)' or at 'E:\Archive\Github Projects\AGT\Darkness\bin\Debug-windows-x86_64\game\BulletDynamics.pdb'; linking object as if no debug info
engine.lib(btConeTwistConstraint.obj) : warning LNK4099: PDB 'BulletDynamics.pdb' was not found with 'engine.lib(btConeTwistConstraint.obj)' or at 'E:\Archive\Github Projects\AGT\Darkness\bin\Debug-windows-x86_64\game\BulletDynamics.pdb'; linking object as if no debug info
engine.lib(btVoronoiSimplexSolver.obj) : warning LNK4099: PDB 'BulletCollision.pdb' was not found with 'engine.lib(btVoronoiSimplexSolver.obj)' or at 'E:\Archive\Github Projects\AGT\Darkness\bin\Debug-windows-x86_64\game\BulletCollision.pdb'; linking object as if no debug info
engine.lib(btSubSimplexConvexCast.obj) : warning LNK4099: PDB 'BulletCollision.pdb' was not found with 'engine.lib(btSubSimplexConvexCast.obj)' or at 'E:\Archive\Github Projects\AGT\Darkness\bin\Debug-windows-x86_64\game\BulletCollision.pdb'; linking object as if no debug info
engine.lib(btRaycastCallback.obj) : warning LNK4099: PDB 'BulletCollision.pdb' was not found with 'engine.lib(btRaycastCallback.obj)' or at 'E:\Archive\Github Projects\AGT\Darkness\bin\Debug-windows-x86_64\game\BulletCollision.pdb'; linking object as if no debug info
engine.lib(btPolyhedralContactClipping.obj) : warning LNK4099: PDB 'BulletCollision.pdb' was not found with 'engine.lib(btPolyhedralContactClipping.obj)' or at 'E:\Archive\Github Projects\AGT\Darkness\bin\Debug-windows-x86_64\game\BulletCollision.pdb'; linking object as if no debug info
engine.lib(btPersistentManifold.obj) : warning LNK4099: PDB 'BulletCollision.pdb' was not found with 'engine.lib(btPersistentManifold.obj)' or at 'E:\Archive\Github Projects\AGT\Darkness\bin\Debug-windows-x86_64\game\BulletCollision.pdb'; linking object as if no debug info
engine.lib(btMinkowskiPenetrationDepthSolver.obj) : warning LNK4099: PDB 'BulletCollision.pdb' was not found with 'engine.lib(btMinkowskiPenetrationDepthSolver.obj)' or at 'E:\Archive\Github Projects\AGT\Darkness\bin\Debug-windows-x86_64\game\BulletCollision.pdb'; linking object as if no debug info
engine.lib(btGjkPairDetector.obj) : warning LNK4099: PDB 'BulletCollision.pdb' was not found with 'engine.lib(btGjkPairDetector.obj)' or at 'E:\Archive\Github Projects\AGT\Darkness\bin\Debug-windows-x86_64\game\BulletCollision.pdb'; linking object as if no debug info
engine.lib(btGjkEpaPenetrationDepthSolver.obj) : warning LNK4099: PDB 'BulletCollision.pdb' was not found with 'engine.lib(btGjkEpaPenetrationDepthSolver.obj)' or at 'E:\Archive\Github Projects\AGT\Darkness\bin\Debug-windows-x86_64\game\BulletCollision.pdb'; linking object as if no debug info
engine.lib(btGjkEpa2.obj) : warning LNK4099: PDB 'BulletCollision.pdb' was not found with 'engine.lib(btGjkEpa2.obj)' or at 'E:\Archive\Github Projects\AGT\Darkness\bin\Debug-windows-x86_64\game\BulletCollision.pdb'; linking object as if no debug info
engine.lib(btGjkConvexCast.obj) : warning LNK4099: PDB 'BulletCollision.pdb' was not found with 'engine.lib(btGjkConvexCast.obj)' or at 'E:\Archive\Github Projects\AGT\Darkness\bin\Debug-windows-x86_64\game\BulletCollision.pdb'; linking object as if no debug info
engine.lib(btConvexCast.obj) : warning LNK4099: PDB 'BulletCollision.pdb' was not found with 'engine.lib(btConvexCast.obj)' or at 'E:\Archive\Github Projects\AGT\Darkness\bin\Debug-windows-x86_64\game\BulletCollision.pdb'; linking object as if no debug info
engine.lib(btContinuousConvexCollision.obj) : warning LNK4099: PDB 'BulletCollision.pdb' was not found with 'engine.lib(btContinuousConvexCollision.obj)' or at 'E:\Archive\Github Projects\AGT\Darkness\bin\Debug-windows-x86_64\game\BulletCollision.pdb'; linking object as if no debug info
engine.lib(btTriangleMeshShape.obj) : warning LNK4099: PDB 'BulletCollision.pdb' was not found with 'engine.lib(btTriangleMeshShape.obj)' or at 'E:\Archive\Github Projects\AGT\Darkness\bin\Debug-windows-x86_64\game\BulletCollision.pdb'; linking object as if no debug info
engine.lib(btTriangleCallback.obj) : warning LNK4099: PDB 'BulletCollision.pdb' was not found with 'engine.lib(btTriangleCallback.obj)' or at 'E:\Archive\Github Projects\AGT\Darkness\bin\Debug-windows-x86_64\game\BulletCollision.pdb'; linking object as if no debug info
engine.lib(btSphereShape.obj) : warning LNK4099: PDB 'BulletCollision.pdb' was not found with 'engine.lib(btSphereShape.obj)' or at 'E:\Archive\Github Projects\AGT\Darkness\bin\Debug-windows-x86_64\game\BulletCollision.pdb'; linking object as if no debug info
engine.lib(btSdfCollisionShape.obj) : warning LNK4099: PDB 'BulletCollision.pdb' was not found with 'engine.lib(btSdfCollisionShape.obj)' or at 'E:\Archive\Github Projects\AGT\Darkness\bin\Debug-windows-x86_64\game\BulletCollision.pdb'; linking object as if no debug info
engine.lib(btPolyhedralConvexShape.obj) : warning LNK4099: PDB 'BulletCollision.pdb' was not found with 'engine.lib(btPolyhedralConvexShape.obj)' or at 'E:\Archive\Github Projects\AGT\Darkness\bin\Debug-windows-x86_64\game\BulletCollision.pdb'; linking object as if no debug info
engine.lib(btOptimizedBvh.obj) : warning LNK4099: PDB 'BulletCollision.pdb' was not found with 'engine.lib(btOptimizedBvh.obj)' or at 'E:\Archive\Github Projects\AGT\Darkness\bin\Debug-windows-x86_64\game\BulletCollision.pdb'; linking object as if no debug info
engine.lib(btMiniSDF.obj) : warning LNK4099: PDB 'BulletCollision.pdb' was not found with 'engine.lib(btMiniSDF.obj)' or at 'E:\Archive\Github Projects\AGT\Darkness\bin\Debug-windows-x86_64\game\BulletCollision.pdb'; linking object as if no debug info
engine.lib(btHeightfieldTerrainShape.obj) : warning LNK4099: PDB 'BulletCollision.pdb' was not found with 'engine.lib(btHeightfieldTerrainShape.obj)' or at 'E:\Archive\Github Projects\AGT\Darkness\bin\Debug-windows-x86_64\game\BulletCollision.pdb'; linking object as if no debug info
engine.lib(btConvexShape.obj) : warning LNK4099: PDB 'BulletCollision.pdb' was not found with 'engine.lib(btConvexShape.obj)' or at 'E:\Archive\Github Projects\AGT\Darkness\bin\Debug-windows-x86_64\game\BulletCollision.pdb'; linking object as if no debug info
engine.lib(btConvexPolyhedron.obj) : warning LNK4099: PDB 'BulletCollision.pdb' was not found with 'engine.lib(btConvexPolyhedron.obj)' or at 'E:\Archive\Github Projects\AGT\Darkness\bin\Debug-windows-x86_64\game\BulletCollision.pdb'; linking object as if no debug info
engine.lib(btConvexInternalShape.obj) : warning LNK4099: PDB 'BulletCollision.pdb' was not found with 'engine.lib(btConvexInternalShape.obj)' or at 'E:\Archive\Github Projects\AGT\Darkness\bin\Debug-windows-x86_64\game\BulletCollision.pdb'; linking object as if no debug info
engine.lib(btConvexHullShape.obj) : warning LNK4099: PDB 'BulletCollision.pdb' was not found with 'engine.lib(btConvexHullShape.obj)' or at 'E:\Archive\Github Projects\AGT\Darkness\bin\Debug-windows-x86_64\game\BulletCollision.pdb'; linking object as if no debug info
engine.lib(btConcaveShape.obj) : warning LNK4099: PDB 'BulletCollision.pdb' was not found with 'engine.lib(btConcaveShape.obj)' or at 'E:\Archive\Github Projects\AGT\Darkness\bin\Debug-windows-x86_64\game\BulletCollision.pdb'; linking object as if no debug info
engine.lib(btCollisionShape.obj) : warning LNK4099: PDB 'BulletCollision.pdb' was not found with 'engine.lib(btCollisionShape.obj)' or at 'E:\Archive\Github Projects\AGT\Darkness\bin\Debug-windows-x86_64\game\BulletCollision.pdb'; linking object as if no debug info
engine.lib(btBvhTriangleMeshShape.obj) : warning LNK4099: PDB 'BulletCollision.pdb' was not found with 'engine.lib(btBvhTriangleMeshShape.obj)' or at 'E:\Archive\Github Projects\AGT\Darkness\bin\Debug-windows-x86_64\game\BulletCollision.pdb'; linking object as if no debug info
engine.lib(btBoxShape.obj) : warning LNK4099: PDB 'BulletCollision.pdb' was not found with 'engine.lib(btBoxShape.obj)' or at 'E:\Archive\Github Projects\AGT\Darkness\bin\Debug-windows-x86_64\game\BulletCollision.pdb'; linking object as if no debug info
engine.lib(btUnionFind.obj) : warning LNK4099: PDB 'BulletCollision.pdb' was not found with 'engine.lib(btUnionFind.obj)' or at 'E:\Archive\Github Projects\AGT\Darkness\bin\Debug-windows-x86_64\game\BulletCollision.pdb'; linking object as if no debug info
engine.lib(btSphereTriangleCollisionAlgorithm.obj) : warning LNK4099: PDB 'BulletCollision.pdb' was not found with 'engine.lib(btSphereTriangleCollisionAlgorithm.obj)' or at 'E:\Archive\Github Projects\AGT\Darkness\bin\Debug-windows-x86_64\game\BulletCollision.pdb'; linking object as if no debug info
engine.lib(btSphereSphereCollisionAlgorithm.obj) : warning LNK4099: PDB 'BulletCollision.pdb' was not found with 'engine.lib(btSphereSphereCollisionAlgorithm.obj)' or at 'E:\Archive\Github Projects\AGT\Darkness\bin\Debug-windows-x86_64\game\BulletCollision.pdb'; linking object as if no debug info
engine.lib(btSimulationIslandManager.obj) : warning LNK4099: PDB 'BulletCollision.pdb' was not found with 'engine.lib(btSimulationIslandManager.obj)' or at 'E:\Archive\Github Projects\AGT\Darkness\bin\Debug-windows-x86_64\game\BulletCollision.pdb'; linking object as if no debug info
engine.lib(btManifoldResult.obj) : warning LNK4099: PDB 'BulletCollision.pdb' was not found with 'engine.lib(btManifoldResult.obj)' or at 'E:\Archive\Github Projects\AGT\Darkness\bin\Debug-windows-x86_64\game\BulletCollision.pdb'; linking object as if no debug info
engine.lib(btHashedSimplePairCache.obj) : warning LNK4099: PDB 'BulletCollision.pdb' was not found with 'engine.lib(btHashedSimplePairCache.obj)' or at 'E:\Archive\Github Projects\AGT\Darkness\bin\Debug-windows-x86_64\game\BulletCollision.pdb'; linking object as if no debug info
engine.lib(btEmptyCollisionAlgorithm.obj) : warning LNK4099: PDB 'BulletCollision.pdb' was not found with 'engine.lib(btEmptyCollisionAlgorithm.obj)' or at 'E:\Archive\Github Projects\AGT\Darkness\bin\Debug-windows-x86_64\game\BulletCollision.pdb'; linking object as if no debug info
engine.lib(btDefaultCollisionConfiguration.obj) : warning LNK4099: PDB 'BulletCollision.pdb' was not found with 'engine.lib(btDefaultCollisionConfiguration.obj)' or at 'E:\Archive\Github Projects\AGT\Darkness\bin\Debug-windows-x86_64\game\BulletCollision.pdb'; linking object as if no debug info
engine.lib(btConvexPlaneCollisionAlgorithm.obj) : warning LNK4099: PDB 'BulletCollision.pdb' was not found with 'engine.lib(btConvexPlaneCollisionAlgorithm.obj)' or at 'E:\Archive\Github Projects\AGT\Darkness\bin\Debug-windows-x86_64\game\BulletCollision.pdb'; linking object as if no debug info
engine.lib(btConvexConvexAlgorithm.obj) : warning LNK4099: PDB 'BulletCollision.pdb' was not found with 'engine.lib(btConvexConvexAlgorithm.obj)' or at 'E:\Archive\Github Projects\AGT\Darkness\bin\Debug-windows-x86_64\game\BulletCollision.pdb'; linking object as if no debug info
engine.lib(btConvexConcaveCollisionAlgorithm.obj) : warning LNK4099: PDB 'BulletCollision.pdb' was not found with 'engine.lib(btConvexConcaveCollisionAlgorithm.obj)' or at 'E:\Archive\Github Projects\AGT\Darkness\bin\Debug-windows-x86_64\game\BulletCollision.pdb'; linking object as if no debug info
engine.lib(btCompoundCompoundCollisionAlgorithm.obj) : warning LNK4099: PDB 'BulletCollision.pdb' was not found with 'engine.lib(btCompoundCompoundCollisionAlgorithm.obj)' or at 'E:\Archive\Github Projects\AGT\Darkness\bin\Debug-windows-x86_64\game\BulletCollision.pdb'; linking object as if no debug info
engine.lib(btCompoundCollisionAlgorithm.obj) : warning LNK4099: PDB 'BulletCollision.pdb' was not found with 'engine.lib(btCompoundCollisionAlgorithm.obj)' or at 'E:\Archive\Github Projects\AGT\Darkness\bin\Debug-windows-x86_64\game\BulletCollision.pdb'; linking object as if no debug info
engine.lib(btCollisionWorld.obj) : warning LNK4099: PDB 'BulletCollision.pdb' was not found with 'engine.lib(btCollisionWorld.obj)' or at 'E:\Archive\Github Projects\AGT\Darkness\bin\Debug-windows-x86_64\game\BulletCollision.pdb'; linking object as if no debug info
engine.lib(btCollisionObject.obj) : warning LNK4099: PDB 'BulletCollision.pdb' was not found with 'engine.lib(btCollisionObject.obj)' or at 'E:\Archive\Github Projects\AGT\Darkness\bin\Debug-windows-x86_64\game\BulletCollision.pdb'; linking object as if no debug info
engine.lib(btCollisionDispatcher.obj) : warning LNK4099: PDB 'BulletCollision.pdb' was not found with 'engine.lib(btCollisionDispatcher.obj)' or at 'E:\Archive\Github Projects\AGT\Darkness\bin\Debug-windows-x86_64\game\BulletCollision.pdb'; linking object as if no debug info
engine.lib(btBoxBoxDetector.obj) : warning LNK4099: PDB 'BulletCollision.pdb' was not found with 'engine.lib(btBoxBoxDetector.obj)' or at 'E:\Archive\Github Projects\AGT\Darkness\bin\Debug-windows-x86_64\game\BulletCollision.pdb'; linking object as if no debug info
engine.lib(btBoxBoxCollisionAlgorithm.obj) : warning LNK4099: PDB 'BulletCollision.pdb' was not found with 'engine.lib(btBoxBoxCollisionAlgorithm.obj)' or at 'E:\Archive\Github Projects\AGT\Darkness\bin\Debug-windows-x86_64\game\BulletCollision.pdb'; linking object as if no debug info
engine.lib(btActivatingCollisionAlgorithm.obj) : warning LNK4099: PDB 'BulletCollision.pdb' was not found with 'engine.lib(btActivatingCollisionAlgorithm.obj)' or at 'E:\Archive\Github Projects\AGT\Darkness\bin\Debug-windows-x86_64\game\BulletCollision.pdb'; linking object as if no debug info
engine.lib(SphereTriangleDetector.obj) : warning LNK4099: PDB 'BulletCollision.pdb' was not found with 'engine.lib(SphereTriangleDetector.obj)' or at 'E:\Archive\Github Projects\AGT\Darkness\bin\Debug-windows-x86_64\game\BulletCollision.pdb'; linking object as if no debug info
engine.lib(btQuantizedBvh.obj) : warning LNK4099: PDB 'BulletCollision.pdb' was not found with 'engine.lib(btQuantizedBvh.obj)' or at 'E:\Archive\Github Projects\AGT\Darkness\bin\Debug-windows-x86_64\game\BulletCollision.pdb'; linking object as if no debug info
engine.lib(btOverlappingPairCache.obj) : warning LNK4099: PDB 'BulletCollision.pdb' was not found with 'engine.lib(btOverlappingPairCache.obj)' or at 'E:\Archive\Github Projects\AGT\Darkness\bin\Debug-windows-x86_64\game\BulletCollision.pdb'; linking object as if no debug info
engine.lib(btDispatcher.obj) : warning LNK4099: PDB 'BulletCollision.pdb' was not found with 'engine.lib(btDispatcher.obj)' or at 'E:\Archive\Github Projects\AGT\Darkness\bin\Debug-windows-x86_64\game\BulletCollision.pdb'; linking object as if no debug info
engine.lib(btDbvtBroadphase.obj) : warning LNK4099: PDB 'BulletCollision.pdb' was not found with 'engine.lib(btDbvtBroadphase.obj)' or at 'E:\Archive\Github Projects\AGT\Darkness\bin\Debug-windows-x86_64\game\BulletCollision.pdb'; linking object as if no debug info
engine.lib(btDbvt.obj) : warning LNK4099: PDB 'BulletCollision.pdb' was not found with 'engine.lib(btDbvt.obj)' or at 'E:\Archive\Github Projects\AGT\Darkness\bin\Debug-windows-x86_64\game\BulletCollision.pdb'; linking object as if no debug info
engine.lib(btCollisionAlgorithm.obj) : warning LNK4099: PDB 'BulletCollision.pdb' was not found with 'engine.lib(btCollisionAlgorithm.obj)' or at 'E:\Archive\Github Projects\AGT\Darkness\bin\Debug-windows-x86_64\game\BulletCollision.pdb'; linking object as if no debug info
engine.lib(btAxisSweep3.obj) : warning LNK4099: PDB 'BulletCollision.pdb' was not found with 'engine.lib(btAxisSweep3.obj)' or at 'E:\Archive\Github Projects\AGT\Darkness\bin\Debug-windows-x86_64\game\BulletCollision.pdb'; linking object as if no debug info
engine.lib(stb_image.obj) : warning LNK4099: PDB 'stb_image.pdb' was not found with 'engine.lib(stb_image.obj)' or at 'E:\Archive\Github Projects\AGT\Darkness\bin\Debug-windows-x86_64\game\stb_image.pdb'; linking object as if no debug info
engine.lib(glad.obj) : warning LNK4099: PDB 'Glad.pdb' was not found with 'engine.lib(glad.obj)' or at 'E:\Archive\Github Projects\AGT\Darkness\bin\Debug-windows-x86_64\game\Glad.pdb'; linking object as if no debug info
engine.lib(window.obj) : warning LNK4099: PDB 'GLFW.pdb' was not found with 'engine.lib(window.obj)' or at 'E:\Archive\Github Projects\AGT\Darkness\bin\Debug-windows-x86_64\game\GLFW.pdb'; linking object as if no debug info
engine.lib(win32_window.obj) : warning LNK4099: PDB 'GLFW.pdb' was not found with 'engine.lib(win32_window.obj)' or at 'E:\Archive\Github Projects\AGT\Darkness\bin\Debug-windows-x86_64\game\GLFW.pdb'; linking object as if no debug info
engine.lib(win32_time.obj) : warning LNK4099: PDB 'GLFW.pdb' was not found with 'engine.lib(win32_time.obj)' or at 'E:\Archive\Github Projects\AGT\Darkness\bin\Debug-windows-x86_64\game\GLFW.pdb'; linking object as if no debug info
engine.lib(win32_thread.obj) : warning LNK4099: PDB 'GLFW.pdb' was not found with 'engine.lib(win32_thread.obj)' or at 'E:\Archive\Github Projects\AGT\Darkness\bin\Debug-windows-x86_64\game\GLFW.pdb'; linking object as if no debug info
engine.lib(win32_monitor.obj) : warning LNK4099: PDB 'GLFW.pdb' was not found with 'engine.lib(win32_monitor.obj)' or at 'E:\Archive\Github Projects\AGT\Darkness\bin\Debug-windows-x86_64\game\GLFW.pdb'; linking object as if no debug info
engine.lib(win32_joystick.obj) : warning LNK4099: PDB 'GLFW.pdb' was not found with 'engine.lib(win32_joystick.obj)' or at 'E:\Archive\Github Projects\AGT\Darkness\bin\Debug-windows-x86_64\game\GLFW.pdb'; linking object as if no debug info
engine.lib(win32_init.obj) : warning LNK4099: PDB 'GLFW.pdb' was not found with 'engine.lib(win32_init.obj)' or at 'E:\Archive\Github Projects\AGT\Darkness\bin\Debug-windows-x86_64\game\GLFW.pdb'; linking object as if no debug info
engine.lib(wgl_context.obj) : warning LNK4099: PDB 'GLFW.pdb' was not found with 'engine.lib(wgl_context.obj)' or at 'E:\Archive\Github Projects\AGT\Darkness\bin\Debug-windows-x86_64\game\GLFW.pdb'; linking object as if no debug info
engine.lib(vulkan.obj) : warning LNK4099: PDB 'GLFW.pdb' was not found with 'engine.lib(vulkan.obj)' or at 'E:\Archive\Github Projects\AGT\Darkness\bin\Debug-windows-x86_64\game\GLFW.pdb'; linking object as if no debug info
engine.lib(osmesa_context.obj) : warning LNK4099: PDB 'GLFW.pdb' was not found with 'engine.lib(osmesa_context.obj)' or at 'E:\Archive\Github Projects\AGT\Darkness\bin\Debug-windows-x86_64\game\GLFW.pdb'; linking object as if no debug info
engine.lib(monitor.obj) : warning LNK4099: PDB 'GLFW.pdb' was not found with 'engine.lib(monitor.obj)' or at 'E:\Archive\Github Projects\AGT\Darkness\bin\Debug-windows-x86_64\game\GLFW.pdb'; linking object as if no debug info
engine.lib(input.obj) : warning LNK4099: PDB 'GLFW.pdb' was not found with 'engine.lib(input.obj)' or at 'E:\Archive\Github Projects\AGT\Darkness\bin\Debug-windows-x86_64\game\GLFW.pdb'; linking object as if no debug info
engine.lib(init.obj) : warning LNK4099: PDB 'GLFW.pdb' was not found with 'engine.lib(init.obj)' or at 'E:\Archive\Github Projects\AGT\Darkness\bin\Debug-windows-x86_64\game\GLFW.pdb'; linking object as if no debug info
engine.lib(egl_context.obj) : warning LNK4099: PDB 'GLFW.pdb' was not found with 'engine.lib(egl_context.obj)' or at 'E:\Archive\Github Projects\AGT\Darkness\bin\Debug-windows-x86_64\game\GLFW.pdb'; linking object as if no debug info
engine.lib(context.obj) : warning LNK4099: PDB 'GLFW.pdb' was not found with 'engine.lib(context.obj)' or at 'E:\Archive\Github Projects\AGT\Darkness\bin\Debug-windows-x86_64\game\GLFW.pdb'; linking object as if no debug info
  game.vcxproj -> E:\Archive\Github Projects\AGT\Darkness\game\..\bin\Debug-windows-x86_64\game\game.exe
