e:\archive\advanced games tech labs\coursework\agt_template\inter\debug-windows-x86_64\game\vc142.pdb
e:\archive\advanced games tech labs\coursework\agt_template\inter\debug-windows-x86_64\game\vc142.idb
e:\archive\advanced games tech labs\coursework\agt_template\inter\debug-windows-x86_64\game\start_screen.obj
e:\archive\advanced games tech labs\coursework\agt_template\inter\debug-windows-x86_64\game\quad.obj
e:\archive\advanced games tech labs\coursework\agt_template\inter\debug-windows-x86_64\game\player.obj
e:\archive\advanced games tech labs\coursework\agt_template\inter\debug-windows-x86_64\game\game.obj
e:\archive\advanced games tech labs\coursework\agt_template\inter\debug-windows-x86_64\game\example_layer.obj
e:\archive\advanced games tech labs\coursework\agt_template\inter\debug-windows-x86_64\game\cross_fade.obj
e:\archive\advanced games tech labs\coursework\agt_template\inter\debug-windows-x86_64\game\projectile.obj
e:\archive\advanced games tech labs\coursework\agt_template\inter\debug-windows-x86_64\game\electric_explosion.obj
e:\archive\advanced games tech labs\coursework\agt_template\inter\debug-windows-x86_64\game\enemy.obj
e:\archive\advanced games tech labs\coursework\agt_template\inter\debug-windows-x86_64\game\friend_npc.obj
e:\archive\advanced games tech labs\coursework\agt_template\bin\debug-windows-x86_64\game\game.lib
e:\archive\advanced games tech labs\coursework\agt_template\bin\debug-windows-x86_64\game\game.exp
e:\archive\advanced games tech labs\coursework\agt_template\bin\debug-windows-x86_64\game\game.exe
e:\archive\advanced games tech labs\coursework\agt_template\bin\debug-windows-x86_64\game\game.ilk
e:\archive\advanced games tech labs\coursework\agt_template\bin\debug-windows-x86_64\game\game.pdb
e:\archive\advanced games tech labs\submission\in3026 milestone 2 coursework - patryk owczarz\coursework\agt_template\inter\debug-windows-x86_64\game\cross_fade.obj
e:\archive\advanced games tech labs\submission\in3026 milestone 2 coursework - patryk owczarz\coursework\agt_template\inter\debug-windows-x86_64\game\electric_explosion.obj
e:\archive\advanced games tech labs\submission\in3026 milestone 2 coursework - patryk owczarz\coursework\agt_template\inter\debug-windows-x86_64\game\enemy.obj
e:\archive\advanced games tech labs\submission\in3026 milestone 2 coursework - patryk owczarz\coursework\agt_template\inter\debug-windows-x86_64\game\example_layer.obj
e:\archive\advanced games tech labs\submission\in3026 milestone 2 coursework - patryk owczarz\coursework\agt_template\inter\debug-windows-x86_64\game\friend_npc.obj
e:\archive\advanced games tech labs\submission\in3026 milestone 2 coursework - patryk owczarz\coursework\agt_template\inter\debug-windows-x86_64\game\game.obj
e:\archive\advanced games tech labs\submission\in3026 milestone 2 coursework - patryk owczarz\coursework\agt_template\inter\debug-windows-x86_64\game\player.obj
e:\archive\advanced games tech labs\submission\in3026 milestone 2 coursework - patryk owczarz\coursework\agt_template\inter\debug-windows-x86_64\game\projectile.obj
e:\archive\advanced games tech labs\submission\in3026 milestone 2 coursework - patryk owczarz\coursework\agt_template\inter\debug-windows-x86_64\game\quad.obj
e:\archive\advanced games tech labs\submission\in3026 milestone 2 coursework - patryk owczarz\coursework\agt_template\inter\debug-windows-x86_64\game\start_screen.obj
e:\archive\advanced games tech labs\submission\in3026 milestone 2 coursework - patryk owczarz\coursework\agt_template\inter\debug-windows-x86_64\game\vc142.idb
e:\archive\advanced games tech labs\submission\in3026 milestone 2 coursework - patryk owczarz\coursework\agt_template\inter\debug-windows-x86_64\game\vc142.pdb
e:\archive\advanced games tech labs\submission\in3026 milestone 2 coursework - patryk owczarz\coursework\agt_template\game\..\bin\debug-windows-x86_64\game\game.exe
e:\archive\advanced games tech labs\submission\in3026 milestone 2 coursework - patryk owczarz\coursework\agt_template\inter\debug-windows-x86_64\game\game.tlog\cl.command.1.tlog
e:\archive\advanced games tech labs\submission\in3026 milestone 2 coursework - patryk owczarz\coursework\agt_template\inter\debug-windows-x86_64\game\game.tlog\cl.read.1.tlog
e:\archive\advanced games tech labs\submission\in3026 milestone 2 coursework - patryk owczarz\coursework\agt_template\inter\debug-windows-x86_64\game\game.tlog\cl.write.1.tlog
e:\archive\advanced games tech labs\submission\in3026 milestone 2 coursework - patryk owczarz\coursework\agt_template\inter\debug-windows-x86_64\game\game.tlog\game.write.1u.tlog
e:\archive\advanced games tech labs\submission\in3026 milestone 2 coursework - patryk owczarz\coursework\agt_template\inter\debug-windows-x86_64\game\game.tlog\link.command.1.tlog
e:\archive\advanced games tech labs\submission\in3026 milestone 2 coursework - patryk owczarz\coursework\agt_template\inter\debug-windows-x86_64\game\game.tlog\link.read.1.tlog
e:\archive\advanced games tech labs\submission\in3026 milestone 2 coursework - patryk owczarz\coursework\agt_template\inter\debug-windows-x86_64\game\game.tlog\link.write.1.tlog
